Arguments: 
  /home/danilov-id/.nvm/versions/node/v10.4.1/bin/node /mnt/c/Program Files (x86)/Yarn/bin/yarn.js add CSSTransitionGroup

PATH: 
  /home/danilov-id/bin:/home/danilov-id/.local/bin:/home/danilov-id/.nvm/versions/node/v10.4.1/bin:/usr/local/sbin:/usr/local/bin:/usr/sbin:/usr/bin:/sbin:/bin:/usr/games:/usr/local/games:/mnt/c/Program Files (x86)/Intel/iCLS Client:/mnt/c/ProgramData/Oracle/Java/javapath_target_963799250:/mnt/c/Program Files/Intel/iCLS Client:/mnt/c/Windows/System32:/mnt/c/Windows:/mnt/c/Windows/System32/wbem:/mnt/c/Windows/System32/WindowsPowerShell/v1.0:/mnt/c/Program Files/Microsoft SQL Server/130/Tools/Binn:/mnt/c/Program Files (x86)/Skype/Phone:/mnt/c/Program Files/dotnet:/mnt/c/Program Files/Intel/IntelSGXPSW/bin/x64/Release:/mnt/c/Program Files/Intel/IntelSGXPSW/bin/win32/Release:/mnt/c/Program Files/Git/cmd:/mnt/c/Program Files (x86)/Intel/Intel(R) Management Engine Components/DAL:/mnt/c/Program Files/Intel/Intel(R) Management Engine Components/DAL:/mnt/c/Program Files (x86)/Intel/Intel(R) Management Engine Components/IPT:/mnt/c/Program Files/Intel/Intel(R) Management Engine Components/IPT:/mnt/c/Program Files/apache-maven-3.5.2/bin:/mnt/c/Program Files (x86)/Brackets/command:/mnt/c/Program Files (x86)/MySQL/MySQL Utilities 1.6:/mnt/c/Windows/System32/OpenSSH:/mnt/c/Program Files (x86)/Yarn/bin:/mnt/c/Program Files/Microsoft VS Code/bin:/mnt/c/Python/Scripts:/mnt/c/Python:/mnt/c/Program Files/Java/jdk-9.0.1/bin:/mnt/c/Program Files/apache-maven-3.5.2/bin:/mnt/c/Program Files/Microsoft VS Code/bin:/mnt/c/Users/olya_/AppData/Roaming/npm:/mnt/c/Users/olya_/AppData/Local/Microsoft/WindowsApps:/snap/bin

Yarn version: 
  1.7.0

Node version: 
  10.4.1

Platform: 
  linux x64

Trace: 
  Error: https://registry.yarnpkg.com/CSSTransitionGroup: Not found
      at Request.params.callback [as _callback] (/mnt/c/Program Files (x86)/Yarn/lib/cli.js:65656:18)
      at Request.self.callback (/mnt/c/Program Files (x86)/Yarn/lib/cli.js:134675:22)
      at Request.emit (events.js:182:13)
      at Request.<anonymous> (/mnt/c/Program Files (x86)/Yarn/lib/cli.js:135658:10)
      at Request.emit (events.js:182:13)
      at IncomingMessage.<anonymous> (/mnt/c/Program Files (x86)/Yarn/lib/cli.js:135578:12)
      at Object.onceWrapper (events.js:273:13)
      at IncomingMessage.emit (events.js:187:15)
      at endReadableNT (_stream_readable.js:1081:12)
      at process._tickCallback (internal/process/next_tick.js:63:19)

npm manifest: 
  {
    "dependencies": {
      "axios": "^0.18.0",
      "react-custom-scrollbars": "^4.2.1",
      "react-transition-group": "^2.4.0"
    }
  }

yarn manifest: 
  No manifest

Lockfile: 
  # THIS IS AN AUTOGENERATED FILE. DO NOT EDIT THIS FILE DIRECTLY.
  # yarn lockfile v1
  
  
  add-px-to-style@1.0.0:
    version "1.0.0"
    resolved "https://registry.yarnpkg.com/add-px-to-style/-/add-px-to-style-1.0.0.tgz#d0c135441fa8014a8137904531096f67f28f263a"
  
  axios@^0.18.0:
    version "0.18.0"
    resolved "https://registry.yarnpkg.com/axios/-/axios-0.18.0.tgz#32d53e4851efdc0a11993b6cd000789d70c05102"
    dependencies:
      follow-redirects "^1.3.0"
      is-buffer "^1.1.5"
  
  debug@^3.1.0:
    version "3.1.0"
    resolved "https://registry.yarnpkg.com/debug/-/debug-3.1.0.tgz#5bb5a0672628b64149566ba16819e61518c67261"
    dependencies:
      ms "2.0.0"
  
  dom-css@^2.0.0:
    version "2.1.0"
    resolved "https://registry.yarnpkg.com/dom-css/-/dom-css-2.1.0.tgz#fdbc2d5a015d0a3e1872e11472bbd0e7b9e6a202"
    dependencies:
      add-px-to-style "1.0.0"
      prefix-style "2.0.1"
      to-camel-case "1.0.0"
  
  dom-helpers@^3.3.1:
    version "3.3.1"
    resolved "https://registry.yarnpkg.com/dom-helpers/-/dom-helpers-3.3.1.tgz#fc1a4e15ffdf60ddde03a480a9c0fece821dd4a6"
  
  follow-redirects@^1.3.0:
    version "1.5.1"
    resolved "https://registry.yarnpkg.com/follow-redirects/-/follow-redirects-1.5.1.tgz#67a8f14f5a1f67f962c2c46469c79eaec0a90291"
    dependencies:
      debug "^3.1.0"
  
  is-buffer@^1.1.5:
    version "1.1.6"
    resolved "https://registry.yarnpkg.com/is-buffer/-/is-buffer-1.1.6.tgz#efaa2ea9daa0d7ab2ea13a97b2b8ad51fefbe8be"
  
  "js-tokens@^3.0.0 || ^4.0.0":
    version "4.0.0"
    resolved "https://registry.yarnpkg.com/js-tokens/-/js-tokens-4.0.0.tgz#19203fb59991df98e3a287050d4647cdeaf32499"
  
  loose-envify@^1.3.1:
    version "1.4.0"
    resolved "https://registry.yarnpkg.com/loose-envify/-/loose-envify-1.4.0.tgz#71ee51fa7be4caec1a63839f7e682d8132d30caf"
    dependencies:
      js-tokens "^3.0.0 || ^4.0.0"
  
  ms@2.0.0:
    version "2.0.0"
    resolved "https://registry.yarnpkg.com/ms/-/ms-2.0.0.tgz#5608aeadfc00be6c2901df5f9861788de0d597c8"
  
  object-assign@^4.1.1:
    version "4.1.1"
    resolved "https://registry.yarnpkg.com/object-assign/-/object-assign-4.1.1.tgz#2109adc7965887cfc05cbbd442cac8bfbb360863"
  
  performance-now@^2.1.0:
    version "2.1.0"
    resolved "https://registry.yarnpkg.com/performance-now/-/performance-now-2.1.0.tgz#6309f4e0e5fa913ec1c69307ae364b4b377c9e7b"
  
  prefix-style@2.0.1:
    version "2.0.1"
    resolved "https://registry.yarnpkg.com/prefix-style/-/prefix-style-2.0.1.tgz#66bba9a870cfda308a5dc20e85e9120932c95a06"
  
  prop-types@^15.5.10, prop-types@^15.6.2:
    version "15.6.2"
    resolved "https://registry.yarnpkg.com/prop-types/-/prop-types-15.6.2.tgz#05d5ca77b4453e985d60fc7ff8c859094a497102"
    dependencies:
      loose-envify "^1.3.1"
      object-assign "^4.1.1"
  
  raf@^3.1.0:
    version "3.4.0"
    resolved "https://registry.yarnpkg.com/raf/-/raf-3.4.0.tgz#a28876881b4bc2ca9117d4138163ddb80f781575"
    dependencies:
      performance-now "^2.1.0"
  
  react-custom-scrollbars@^4.2.1:
    version "4.2.1"
    resolved "https://registry.yarnpkg.com/react-custom-scrollbars/-/react-custom-scrollbars-4.2.1.tgz#830fd9502927e97e8a78c2086813899b2a8b66db"
    dependencies:
      dom-css "^2.0.0"
      prop-types "^15.5.10"
      raf "^3.1.0"
  
  react-lifecycles-compat@^3.0.4:
    version "3.0.4"
    resolved "https://registry.yarnpkg.com/react-lifecycles-compat/-/react-lifecycles-compat-3.0.4.tgz#4f1a273afdfc8f3488a8c516bfda78f872352362"
  
  react-transition-group@^2.4.0:
    version "2.4.0"
    resolved "https://registry.yarnpkg.com/react-transition-group/-/react-transition-group-2.4.0.tgz#1d9391fabfd82e016f26fabd1eec329dbd922b5a"
    dependencies:
      dom-helpers "^3.3.1"
      loose-envify "^1.3.1"
      prop-types "^15.6.2"
      react-lifecycles-compat "^3.0.4"
  
  to-camel-case@1.0.0:
    version "1.0.0"
    resolved "https://registry.yarnpkg.com/to-camel-case/-/to-camel-case-1.0.0.tgz#1a56054b2f9d696298ce66a60897322b6f423e46"
    dependencies:
      to-space-case "^1.0.0"
  
  to-no-case@^1.0.0:
    version "1.0.2"
    resolved "https://registry.yarnpkg.com/to-no-case/-/to-no-case-1.0.2.tgz#c722907164ef6b178132c8e69930212d1b4aa16a"
  
  to-space-case@^1.0.0:
    version "1.0.0"
    resolved "https://registry.yarnpkg.com/to-space-case/-/to-space-case-1.0.0.tgz#b052daafb1b2b29dc770cea0163e5ec0ebc9fc17"
    dependencies:
      to-no-case "^1.0.0"
